
EL_Cfitsio_Example --output /tmp/cfitsio.fits 

2020-01-22T15:20:41CET ElementsProgram  INFO : ##########################################################
2020-01-22T15:20:41CET ElementsProgram  INFO : ##########################################################
2020-01-22T15:20:41CET ElementsProgram  INFO : #
2020-01-22T15:20:41CET ElementsProgram  INFO : #  C++ program:  EL_Cfitsio_Example starts 
2020-01-22T15:20:41CET ElementsProgram  INFO : #
2020-01-22T15:20:41CET ElementsProgram  INFO : ##########################################################
2020-01-22T15:20:41CET ElementsProgram  INFO : #
2020-01-22T15:20:41CET ElementsProgram  INFO : # List of all program options
2020-01-22T15:20:41CET ElementsProgram  INFO : # ---------------------------
2020-01-22T15:20:41CET ElementsProgram  INFO : #
2020-01-22T15:20:41CET ElementsProgram  INFO : config-file = "/home/user/Work/Projects/EL_FitsIO/InstallArea/x86_64-co7-gcc48-o2g/conf/EL_Cfitsio_Example.conf"
2020-01-22T15:20:41CET ElementsProgram  INFO : log-level = INFO
2020-01-22T15:20:41CET ElementsProgram  INFO : output = /tmp/cfitsio.fits
2020-01-22T15:20:41CET ElementsProgram  INFO : #
2020-01-22T15:20:41CET EL_Cfitsio_Example  INFO : 
2020-01-22T15:20:41CET EL_Cfitsio_Example  INFO : Creating Fits file: /tmp/cfitsio.fits
2020-01-22T15:20:41CET EL_Cfitsio_Example  INFO : Writing new record: VALUE = 1
2020-01-22T15:20:41CET EL_Cfitsio_Example  INFO : Updating record: VALUE = 2
2020-01-22T15:20:41CET EL_Cfitsio_Example  INFO : 
2020-01-22T15:20:41CET EL_Cfitsio_Example  INFO : Creating bintable extension: SMALLTBL
2020-01-22T15:20:41CET EL_Cfitsio_Example  INFO : 
2020-01-22T15:20:41CET EL_Cfitsio_Example  INFO : Creating image extension: SMALLIMG
2020-01-22T15:20:41CET EL_Cfitsio_Example  INFO : Writing record: STRING = string
2020-01-22T15:20:41CET EL_Cfitsio_Example  INFO : Writing record: INTEGER = 8
2020-01-22T15:20:41CET EL_Cfitsio_Example  INFO : 
2020-01-22T15:20:41CET EL_Cfitsio_Example  INFO : Closing file.
2020-01-22T15:20:41CET EL_Cfitsio_Example  INFO : 
2020-01-22T15:20:41CET EL_Cfitsio_Example  INFO : Reopening file.
2020-01-22T15:20:41CET EL_Cfitsio_Example  INFO : Reading record: VALUE = 2
2020-01-22T15:20:41CET EL_Cfitsio_Example  INFO : 
2020-01-22T15:20:41CET EL_Cfitsio_Example  INFO : Reading bintable.
2020-01-22T15:20:41CET EL_Cfitsio_Example  INFO : HDU index: 2
2020-01-22T15:20:41CET EL_Cfitsio_Example  INFO : First id: 45
2020-01-22T15:20:41CET EL_Cfitsio_Example  INFO : Last name: Andromeda Galaxy
2020-01-22T15:20:41CET EL_Cfitsio_Example  INFO : 
2020-01-22T15:20:41CET EL_Cfitsio_Example  INFO : Reading image.
2020-01-22T15:20:41CET EL_Cfitsio_Example  INFO : Name of HDU #3: SMALLIMG
2020-01-22T15:20:41CET EL_Cfitsio_Example  INFO : Reading record: STRING = string
2020-01-22T15:20:41CET EL_Cfitsio_Example  INFO : Reading record: INTEGER = 8
2020-01-22T15:20:41CET EL_Cfitsio_Example  INFO : First pixel: 0
2020-01-22T15:20:41CET EL_Cfitsio_Example  INFO : Last pixel: 2.1
2020-01-22T15:20:41CET EL_Cfitsio_Example  INFO : 
2020-01-22T15:20:41CET EL_Cfitsio_Example  INFO : Reclosing file.
2020-01-22T15:20:41CET EL_Cfitsio_Example  INFO : 
2020-01-22T15:20:41CET ElementsProgram  INFO : ##########################################################
2020-01-22T15:20:41CET ElementsProgram  INFO : #
2020-01-22T15:20:41CET ElementsProgram  INFO : #  C++ program:  EL_Cfitsio_Example stops 
2020-01-22T15:20:41CET ElementsProgram  INFO : #
2020-01-22T15:20:41CET ElementsProgram  INFO : ##########################################################
2020-01-22T15:20:41CET ElementsProgram  INFO : ##########################################################

EL_CfitsioWrapper_Example --output /tmp/wrapper.fits 

2020-01-22T15:20:41CET ElementsProgram  WARN : The "EL_CfitsioWrapper_Example.conf" default configuration file cannot be found in:
2020-01-22T15:20:41CET ElementsProgram  WARN :  "/home/user/Work/Projects/EL_FitsIO/InstallArea/x86_64-co7-gcc48-o2g/conf"
2020-01-22T15:20:41CET ElementsProgram  WARN :  "/cvmfs/euclid-dev.in2p3.fr/CentOS7/EDEN-2.0/opt/euclid/Elements/5.8/InstallArea/x86_64-co7-gcc48-o2g/conf"
2020-01-22T15:20:41CET ElementsProgram  WARN :  "/home/user/Work/Projects/EL_FitsIO/InstallArea/x86_64-co7-gcc48-o2g/conf"
2020-01-22T15:20:41CET ElementsProgram  WARN :  "/cvmfs/euclid-dev.in2p3.fr/CentOS7/EDEN-2.0/opt/euclid/Elements/5.8/InstallArea/x86_64-co7-gcc48-o2g/conf"
2020-01-22T15:20:41CET ElementsProgram  WARN :  "/usr/share/conf"
2020-01-22T15:20:41CET ElementsProgram  WARN : Trying "EL_FitsIO_Examples/EL_CfitsioWrapper_Example.conf".
2020-01-22T15:20:41CET ElementsProgram  INFO : ##########################################################
2020-01-22T15:20:41CET ElementsProgram  INFO : ##########################################################
2020-01-22T15:20:41CET ElementsProgram  INFO : #
2020-01-22T15:20:41CET ElementsProgram  INFO : #  C++ program:  EL_CfitsioWrapper_Example starts 
2020-01-22T15:20:41CET ElementsProgram  INFO : #
2020-01-22T15:20:41CET ElementsProgram  INFO : ##########################################################
2020-01-22T15:20:41CET ElementsProgram  INFO : #
2020-01-22T15:20:41CET ElementsProgram  INFO : # List of all program options
2020-01-22T15:20:41CET ElementsProgram  INFO : # ---------------------------
2020-01-22T15:20:41CET ElementsProgram  INFO : #
2020-01-22T15:20:41CET ElementsProgram  INFO : config-file = ""
2020-01-22T15:20:41CET ElementsProgram  INFO : log-level = INFO
2020-01-22T15:20:41CET ElementsProgram  INFO : output = /tmp/wrapper.fits
2020-01-22T15:20:41CET ElementsProgram  INFO : #
2020-01-22T15:20:41CET EL_CfitsioWrapper_Example  INFO : 
2020-01-22T15:20:41CET EL_CfitsioWrapper_Example  INFO : Creating Fits file: /tmp/wrapper.fits
2020-01-22T15:20:41CET EL_CfitsioWrapper_Example  INFO : Writing new record: VALUE = 1
2020-01-22T15:20:41CET EL_CfitsioWrapper_Example  INFO : Updating record: VALUE = 2
2020-01-22T15:20:41CET EL_CfitsioWrapper_Example  INFO : 
2020-01-22T15:20:41CET EL_CfitsioWrapper_Example  INFO : Creating bintable extension: SMALLTBL
2020-01-22T15:20:41CET EL_CfitsioWrapper_Example  INFO : 
2020-01-22T15:20:41CET EL_CfitsioWrapper_Example  INFO : Creating image extension: SMALLIMG
2020-01-22T15:20:41CET EL_CfitsioWrapper_Example  INFO : Writing record: STRING = string
2020-01-22T15:20:41CET EL_CfitsioWrapper_Example  INFO : Writing record: INTEGER = 8
2020-01-22T15:20:41CET EL_CfitsioWrapper_Example  INFO : 
2020-01-22T15:20:41CET EL_CfitsioWrapper_Example  INFO : Closing file.
2020-01-22T15:20:41CET EL_CfitsioWrapper_Example  INFO : 
2020-01-22T15:20:41CET EL_CfitsioWrapper_Example  INFO : Reopening file.
2020-01-22T15:20:41CET EL_CfitsioWrapper_Example  INFO : Reading record: VALUE = 2
2020-01-22T15:20:41CET EL_CfitsioWrapper_Example  INFO : 
2020-01-22T15:20:41CET EL_CfitsioWrapper_Example  INFO : Reading bintable.
2020-01-22T15:20:41CET EL_CfitsioWrapper_Example  INFO : HDU index: 2
2020-01-22T15:20:41CET EL_CfitsioWrapper_Example  INFO : First id: 45
2020-01-22T15:20:41CET EL_CfitsioWrapper_Example  INFO : Last name: Andromeda Galaxy
2020-01-22T15:20:41CET EL_CfitsioWrapper_Example  INFO : 
2020-01-22T15:20:41CET EL_CfitsioWrapper_Example  INFO : Reading image.
2020-01-22T15:20:41CET EL_CfitsioWrapper_Example  INFO : Name of HDU #3: SMALLIMG
2020-01-22T15:20:41CET EL_CfitsioWrapper_Example  INFO : Reading record: STRING = string
2020-01-22T15:20:41CET EL_CfitsioWrapper_Example  INFO : Reading record: INTEGER = 8
2020-01-22T15:20:41CET EL_CfitsioWrapper_Example  INFO : First pixel: 0
2020-01-22T15:20:41CET EL_CfitsioWrapper_Example  INFO : Last pixel: 2.1
2020-01-22T15:20:41CET EL_CfitsioWrapper_Example  INFO : 
2020-01-22T15:20:41CET EL_CfitsioWrapper_Example  INFO : Reclosing file.
2020-01-22T15:20:41CET EL_CfitsioWrapper_Example  INFO : 
2020-01-22T15:20:41CET ElementsProgram  INFO : ##########################################################
2020-01-22T15:20:41CET ElementsProgram  INFO : #
2020-01-22T15:20:41CET ElementsProgram  INFO : #  C++ program:  EL_CfitsioWrapper_Example stops 
2020-01-22T15:20:41CET ElementsProgram  INFO : #
2020-01-22T15:20:41CET ElementsProgram  INFO : ##########################################################
2020-01-22T15:20:41CET ElementsProgram  INFO : ##########################################################

EL_FitsFile_Example --output /tmp/fitsfile.fits 

2020-01-22T15:20:41CET ElementsProgram  INFO : ##########################################################
2020-01-22T15:20:41CET ElementsProgram  INFO : ##########################################################
2020-01-22T15:20:41CET ElementsProgram  INFO : #
2020-01-22T15:20:41CET ElementsProgram  INFO : #  C++ program:  EL_FitsFile_Example starts 
2020-01-22T15:20:41CET ElementsProgram  INFO : #
2020-01-22T15:20:41CET ElementsProgram  INFO : ##########################################################
2020-01-22T15:20:41CET ElementsProgram  INFO : #
2020-01-22T15:20:41CET ElementsProgram  INFO : # List of all program options
2020-01-22T15:20:41CET ElementsProgram  INFO : # ---------------------------
2020-01-22T15:20:41CET ElementsProgram  INFO : #
2020-01-22T15:20:41CET ElementsProgram  INFO : config-file = "/home/user/Work/Projects/EL_FitsIO/InstallArea/x86_64-co7-gcc48-o2g/conf/EL_FitsFile_Example.conf"
2020-01-22T15:20:41CET ElementsProgram  INFO : log-level = INFO
2020-01-22T15:20:41CET ElementsProgram  INFO : output = /tmp/fitsfile.fits
2020-01-22T15:20:41CET ElementsProgram  INFO : #
2020-01-22T15:20:41CET EL_FitsFile_Example  INFO : 
2020-01-22T15:20:41CET EL_FitsFile_Example  INFO : Creating Fits file: /tmp/fitsfile.fits
2020-01-22T15:20:41CET EL_FitsFile_Example  INFO : Writing new record: VALUE = 1
2020-01-22T15:20:41CET EL_FitsFile_Example  INFO : Updating record: VALUE = 2
2020-01-22T15:20:41CET EL_FitsFile_Example  INFO : 
2020-01-22T15:20:41CET EL_FitsFile_Example  INFO : Creating bintable extension: SMALLTBL
2020-01-22T15:20:41CET EL_FitsFile_Example  INFO : 
2020-01-22T15:20:41CET EL_FitsFile_Example  INFO : Creating image extension: SMALLIMG
2020-01-22T15:20:41CET EL_FitsFile_Example  INFO : Writing record: STRING = string
2020-01-22T15:20:41CET EL_FitsFile_Example  INFO : Writing record: INTEGER = 8
2020-01-22T15:20:41CET EL_FitsFile_Example  INFO : 
2020-01-22T15:20:41CET EL_FitsFile_Example  INFO : Closing file.
2020-01-22T15:20:41CET EL_FitsFile_Example  INFO : 
2020-01-22T15:20:41CET EL_FitsFile_Example  INFO : Reopening file.
2020-01-22T15:20:41CET EL_FitsFile_Example  INFO : Reading record: VALUE = 2
2020-01-22T15:20:41CET EL_FitsFile_Example  INFO : 
2020-01-22T15:20:41CET EL_FitsFile_Example  INFO : Reading bintable.
2020-01-22T15:20:41CET EL_FitsFile_Example  INFO : HDU index: 2
2020-01-22T15:20:41CET EL_FitsFile_Example  INFO : First id: 45
2020-01-22T15:20:41CET EL_FitsFile_Example  INFO : Last name: Andromeda Galaxy
2020-01-22T15:20:41CET EL_FitsFile_Example  INFO : 
2020-01-22T15:20:41CET EL_FitsFile_Example  INFO : Reading image.
2020-01-22T15:20:41CET EL_FitsFile_Example  INFO : Name of HDU #3: SMALLIMG
2020-01-22T15:20:41CET EL_FitsFile_Example  INFO : Reading record: STRING = string
2020-01-22T15:20:41CET EL_FitsFile_Example  INFO : Reading record: INTEGER = 8
2020-01-22T15:20:41CET EL_FitsFile_Example  INFO : First pixel: 0
2020-01-22T15:20:41CET EL_FitsFile_Example  INFO : Last pixel: 2.1
2020-01-22T15:20:41CET EL_FitsFile_Example  INFO : 
2020-01-22T15:20:41CET EL_FitsFile_Example  INFO : File will be closed at execution end.
2020-01-22T15:20:41CET EL_FitsFile_Example  INFO : 
2020-01-22T15:20:41CET ElementsProgram  INFO : ##########################################################
2020-01-22T15:20:41CET ElementsProgram  INFO : #
2020-01-22T15:20:41CET ElementsProgram  INFO : #  C++ program:  EL_FitsFile_Example stops 
2020-01-22T15:20:41CET ElementsProgram  INFO : #
2020-01-22T15:20:41CET ElementsProgram  INFO : ##########################################################
2020-01-22T15:20:41CET ElementsProgram  INFO : ##########################################################

EL_FitsIO_Tutorial --output /tmp/tutorial.fits 

2020-01-22T15:20:41CET ElementsProgram  INFO : ##########################################################
2020-01-22T15:20:41CET ElementsProgram  INFO : ##########################################################
2020-01-22T15:20:41CET ElementsProgram  INFO : #
2020-01-22T15:20:41CET ElementsProgram  INFO : #  C++ program:  EL_FitsIO_Tutorial starts 
2020-01-22T15:20:41CET ElementsProgram  INFO : #
2020-01-22T15:20:41CET ElementsProgram  INFO : ##########################################################
2020-01-22T15:20:41CET ElementsProgram  INFO : #
2020-01-22T15:20:41CET ElementsProgram  INFO : # List of all program options
2020-01-22T15:20:41CET ElementsProgram  INFO : # ---------------------------
2020-01-22T15:20:41CET ElementsProgram  INFO : #
2020-01-22T15:20:41CET ElementsProgram  INFO : config-file = "/home/user/Work/Projects/EL_FitsIO/InstallArea/x86_64-co7-gcc48-o2g/conf/EL_FitsIO_Tutorial.conf"
2020-01-22T15:20:41CET ElementsProgram  INFO : log-level = INFO
2020-01-22T15:20:41CET ElementsProgram  INFO : output = /tmp/tutorial.fits
2020-01-22T15:20:41CET ElementsProgram  INFO : #
2020-01-22T15:20:41CET ElementsProgram  INFO : ##########################################################
2020-01-22T15:20:41CET ElementsProgram  INFO : #
2020-01-22T15:20:41CET ElementsProgram  INFO : #  C++ program:  EL_FitsIO_Tutorial stops 
2020-01-22T15:20:41CET ElementsProgram  INFO : #
2020-01-22T15:20:41CET ElementsProgram  INFO : ##########################################################
2020-01-22T15:20:41CET ElementsProgram  INFO : ##########################################################

EL_FitsIO_GenerateAstroObj --output /tmp/astroobj.fits 

2020-01-22T15:20:41CET ElementsProgram  INFO : ##########################################################
2020-01-22T15:20:41CET ElementsProgram  INFO : ##########################################################
2020-01-22T15:20:41CET ElementsProgram  INFO : #
2020-01-22T15:20:41CET ElementsProgram  INFO : #  C++ program:  EL_FitsIO_GenerateAstroObj starts 
2020-01-22T15:20:41CET ElementsProgram  INFO : #
2020-01-22T15:20:41CET ElementsProgram  INFO : ##########################################################
2020-01-22T15:20:41CET ElementsProgram  INFO : #
2020-01-22T15:20:41CET ElementsProgram  INFO : # List of all program options
2020-01-22T15:20:41CET ElementsProgram  INFO : # ---------------------------
2020-01-22T15:20:41CET ElementsProgram  INFO : #
2020-01-22T15:20:41CET ElementsProgram  INFO : config-file = "/home/user/Work/Projects/EL_FitsIO/InstallArea/x86_64-co7-gcc48-o2g/conf/EL_FitsIO_GenerateAstroObj.conf"
2020-01-22T15:20:41CET ElementsProgram  INFO : log-level = INFO
2020-01-22T15:20:41CET ElementsProgram  INFO : nbin = 1000
2020-01-22T15:20:41CET ElementsProgram  INFO : nobj = 1
2020-01-22T15:20:41CET ElementsProgram  INFO : output = /tmp/astroobj.fits
2020-01-22T15:20:41CET ElementsProgram  INFO : #
2020-01-22T15:20:41CET EL_FitsIO_GenerateAstroObj  INFO : Creating Fits file: /tmp/astroobj.fits
2020-01-22T15:20:41CET EL_FitsIO_GenerateAstroObj  INFO : Writing metadata
2020-01-22T15:20:41CET EL_FitsIO_GenerateAstroObj  INFO : Writing AstroObj 0
2020-01-22T15:20:41CET ElementsProgram  INFO : ##########################################################
2020-01-22T15:20:41CET ElementsProgram  INFO : #
2020-01-22T15:20:41CET ElementsProgram  INFO : #  C++ program:  EL_FitsIO_GenerateAstroObj stops 
2020-01-22T15:20:41CET ElementsProgram  INFO : #
2020-01-22T15:20:41CET ElementsProgram  INFO : ##########################################################
2020-01-22T15:20:41CET ElementsProgram  INFO : ##########################################################

EL_Cfitsio_WritePerf --output /tmp/cfitsio_perf.fits --images 1 --tables 1

2020-01-22T15:20:41CET ElementsProgram  INFO : ##########################################################
2020-01-22T15:20:41CET ElementsProgram  INFO : ##########################################################
2020-01-22T15:20:41CET ElementsProgram  INFO : #
2020-01-22T15:20:41CET ElementsProgram  INFO : #  C++ program:  EL_Cfitsio_WritePerf starts 
2020-01-22T15:20:41CET ElementsProgram  INFO : #
2020-01-22T15:20:41CET ElementsProgram  INFO : ##########################################################
2020-01-22T15:20:41CET ElementsProgram  INFO : #
2020-01-22T15:20:41CET ElementsProgram  INFO : # List of all program options
2020-01-22T15:20:41CET ElementsProgram  INFO : # ---------------------------
2020-01-22T15:20:41CET ElementsProgram  INFO : #
2020-01-22T15:20:41CET ElementsProgram  INFO : config-file = "/home/user/Work/Projects/EL_FitsIO/InstallArea/x86_64-co7-gcc48-o2g/conf/EL_Cfitsio_WritePerf.conf"
2020-01-22T15:20:41CET ElementsProgram  INFO : images = 1
2020-01-22T15:20:41CET ElementsProgram  INFO : log-level = INFO
2020-01-22T15:20:41CET ElementsProgram  INFO : naxis1 = 1
2020-01-22T15:20:41CET ElementsProgram  INFO : naxis2 = 1
2020-01-22T15:20:41CET ElementsProgram  INFO : output = /tmp/cfitsio_perf.fits
2020-01-22T15:20:41CET ElementsProgram  INFO : tables = 1
2020-01-22T15:20:41CET ElementsProgram  INFO : #
2020-01-22T15:20:41CET EL_Cfitsio_WritePerf  INFO : Creating Fits file: /tmp/cfitsio_perf.fits
2020-01-22T15:20:41CET EL_Cfitsio_WritePerf  INFO : Generating 1 image extension(s) of size 1 x 1
2020-01-22T15:20:41CET EL_Cfitsio_WritePerf  INFO : 	Elapsed: 0 ms
2020-01-22T15:20:41CET EL_Cfitsio_WritePerf  INFO : Generating 1 bintable extension(s) of size 3 x 1
2020-01-22T15:20:41CET EL_Cfitsio_WritePerf  INFO : 	Elapsed: 0 ms
2020-01-22T15:20:41CET ElementsProgram  INFO : ##########################################################
2020-01-22T15:20:41CET ElementsProgram  INFO : #
2020-01-22T15:20:41CET ElementsProgram  INFO : #  C++ program:  EL_Cfitsio_WritePerf stops 
2020-01-22T15:20:41CET ElementsProgram  INFO : #
2020-01-22T15:20:41CET ElementsProgram  INFO : ##########################################################
2020-01-22T15:20:41CET ElementsProgram  INFO : ##########################################################

EL_FitsIO_WritePerf --output /tmp/fitsio_perf.fits --images 1 --tables 1

2020-01-22T15:20:41CET ElementsProgram  INFO : ##########################################################
2020-01-22T15:20:41CET ElementsProgram  INFO : ##########################################################
2020-01-22T15:20:41CET ElementsProgram  INFO : #
2020-01-22T15:20:41CET ElementsProgram  INFO : #  C++ program:  EL_FitsIO_WritePerf starts 
2020-01-22T15:20:41CET ElementsProgram  INFO : #
2020-01-22T15:20:41CET ElementsProgram  INFO : ##########################################################
2020-01-22T15:20:41CET ElementsProgram  INFO : #
2020-01-22T15:20:41CET ElementsProgram  INFO : # List of all program options
2020-01-22T15:20:41CET ElementsProgram  INFO : # ---------------------------
2020-01-22T15:20:41CET ElementsProgram  INFO : #
2020-01-22T15:20:41CET ElementsProgram  INFO : config-file = "/home/user/Work/Projects/EL_FitsIO/InstallArea/x86_64-co7-gcc48-o2g/conf/EL_FitsIO_WritePerf.conf"
2020-01-22T15:20:41CET ElementsProgram  INFO : images = 1
2020-01-22T15:20:41CET ElementsProgram  INFO : log-level = INFO
2020-01-22T15:20:41CET ElementsProgram  INFO : naxis1 = 1
2020-01-22T15:20:41CET ElementsProgram  INFO : naxis2 = 1
2020-01-22T15:20:41CET ElementsProgram  INFO : output = /tmp/fitsio_perf.fits
2020-01-22T15:20:41CET ElementsProgram  INFO : tables = 1
2020-01-22T15:20:41CET ElementsProgram  INFO : #
2020-01-22T15:20:41CET EL_FitsIO_WritePerf  INFO : Generating 1 image extension(s) of size 1 x 1
2020-01-22T15:20:41CET EL_FitsIO_WritePerf  INFO : 	Elapsed: 0 ms
2020-01-22T15:20:41CET EL_FitsIO_WritePerf  INFO : Generating 1 bintable extension(s) of size 3 x 1
2020-01-22T15:20:41CET EL_FitsIO_WritePerf  INFO : 	Elapsed: 0 ms
2020-01-22T15:20:41CET ElementsProgram  INFO : ##########################################################
2020-01-22T15:20:41CET ElementsProgram  INFO : #
2020-01-22T15:20:41CET ElementsProgram  INFO : #  C++ program:  EL_FitsIO_WritePerf stops 
2020-01-22T15:20:41CET ElementsProgram  INFO : #
2020-01-22T15:20:41CET ElementsProgram  INFO : ##########################################################
2020-01-22T15:20:41CET ElementsProgram  INFO : ##########################################################
